@ingotNetherSteel!
@cropBeechnut!(13251:26,1)
@cropOnion!
@ingotSaltpeter!
@cropPeas!
@cropPear!(13251:22,1)
@blockEmerald!(133:0,1)
@ingotPlastic!
@oreVulcanite!(1703:8,1)(2944:0,1)(2944:1,1)
@dustObsidian!(7782:0,1)(8464:3,1)(11476:6,1)
@ingotImpureSilver!
@cropSatsuma!(13251:13,1)
@ingotTanzanite!
@compressedDirt3x!(2506:10,1)
@cropOlive!(13251:35,1)
@dustPhosphorite!
@clusterTungstate!
@clusterNetherApatite!
@cropMushroom!
@dustTartarite!(27556:0,1)
@glassPanePink!(1030:6,1)
@dustManyullyn!(14276:41,1)
@seedOats!
@blockRubber!(3219:0,1)
@gearWood!(19356:0,1)
@dustFzDarkIron!(13058:2,1)
@dirtyDustVyroxeres!(13057:57,1)
@oreFirestone!(458:5,1)
@superconductorWire!(13070:5,1)
@gemCopper!
@cropParsnip!
@ingotSulfur!
@gemApatite!(31997:0,1)
@compressedDirt4x!(2506:11,1)
@clusterPitchblende!
@nuggetPlatinum!(8464:101,1)
@ingotNetherAmber!
@oreNetherRuby!(1011:13,1)
@clumpTin!(11475:4,1)
@elementRubidium!(20892:36,1)
@ingotPlutonium!(8612:3,1)
@oreHepatizon!
@nuggetTin!(18362:2,1)(14276:21,1)(14360:3,1)(26120:2,1)(8464:97,1)
@shardWater!(18363:2,1)
@elementOxygen!(20892:7,1)
@clusterNetherNickel!
@beeComb!(13360:32767,1)(26090:32767,1)(15777:32767,1)(13226:32767,1)
@itemWrench!
@compressedDirt1x!(2506:8,1)
@ingotObsidian!(14276:18,1)
@clusterRedstone!
@cropRhubarb!
@dyePurple!(351:5,1)(2137:10,1)(15778:15,1)
@turbineHousing!(2750:0,1)
@cleanGravelLead!(9291:2,1)
@nuggetVyroxeres!
@glassPaneGray!(1030:7,1)
@crystalQuartz!
@elementCalifornium!(20892:97,1)
@oc:craftingInterweb!(6856:48,1)
@dustElectrumFlux!(8756:0,1)
@elementNeon!(20892:9,1)
@ingotMeteoricIron!(17808:0,1)
@oreGlowstone!
@nuggetOureclase!
@blockChimerite!(1141:9,1)
@oreRutile!(500:2,1)
@shardTin!(11483:4,1)
@leavesTree!(3259:32767,1)(3258:32767,1)(3278:32767,1)(3272:32767,1)(3048:0,1)
@oreNetherArdite!
@nuggetAluminium!(14276:22,1)(14360:4,1)(29256:34,1)
@blockIce!(79:0,1)
@cropGrapefruit!(13251:11,1)
@compressedDirt2x!(2506:9,1)
@seedVanillabean!
@ingotCooperite!
@gemGold!
@rubbleLead!(13056:1,1)
@seedRutabaga!
@ingotNetherTopaz!
@oreSawdust!
@oc:componentCardLan!(6856:11,1)
@oreVinteum!(1141:0,1)
@clusterEnderium!
@clusterMeat!
@clusterQuartz!
@dustPrometheum!(27406:0,1)(13058:73,1)
@dustNetherApatite!
@ingotGalena!
@clusterNetherPigIron!
@itemEnrichedAlloy!(11468:0,1)
@gemRedstone!
@crystallineManyullyn!
@clusterNetherCopper!
@dustTin!(8792:4,1)(8464:33,1)(11460:7,1)(4448:25,1)(26606:0,1)(13058:19,1)
@cropCabbage!
@ingotIgnatius!(25907:0,1)
@oc:craftingCircuitBoardPrinted!(6856:32,1)
@glassPaneCyan!(1030:9,1)
@oreCertusQuartz!(902:0,1)
@ingotThaumium!(18356:2,1)
@stairsWood!
@oreElectricalSteel!
@dustOnyx!
@cleanGravelArdite!(9291:9,1)
@blockAlumite!(1478:8,1)
@hambone!(3242:0,1)
@ingotImpureIron!
@cropZucchini!
@itemBacon!(6307:193,1)
@dustGlowstone!(348:0,1)
@ingotQuicklime!
@seedCelery!
@ingotNetherRuby!
@crystalIron!(11489:0,1)
@clusterNetherLead!
@glassPaneMagenta!(1030:2,1)
@cropStingberry!(12657:3,1)
@clusterSodalite!
@oreImpureLead!
@oreNetherElectrum!
@clusterNetherTanzanite!
@cropKumquat!(13251:2,1)
@oreAlumite!
@dustFluorite!
@dustNetherObsidian!
@cropWintersquash!
@ingotCelenegil!(27057:0,1)
@clusterGreenSapphire!
@dirtyDustKalendrite!(13057:58,1)
@oreInfusedEarth!(2608:4,1)
@clusterNetherSilicon!
@clusterAsh!
@clusterPlastic!
@crystallinePigIron!
@ingotAmordrine!(25807:0,1)
@ingotNetherGold!
@blockElectrumFlux!(2730:0,1)
@dustAluminiumBrass!(14276:42,1)
@oreNetherTanzanite!
@seedCabbage!
@blockAluminum!(1478:6,1)(500:8,1)(3174:0,1)
@elementEuropium!(20892:62,1)
@oc:componentCardRedstone!(6856:12,1)
@dustEnergeticAlloy!
@dyeCyan!(351:6,1)(2137:9,1)(15778:16,1)
@seedBeet!
@cropCandle!
@oreAsh!
@clusterEmerald!
@woodRod!(14277:0,1)
@oc:craftingButtonGroup!(6856:20,1)
@ingotGlue!
@clusterTanzanite!
@ingotEmerald!
@cropLettuce!
@glassLime!(3225:5,1)(1029:5,1)
@seedRaspberry!
@clusterFzDarkIron!
@nuggetEmerald!(18663:0,1)
@elementCadmium!(20892:47,1)
@cropPeach!(13251:12,1)(13251:19,1)
@rubbleManganese!(13056:50,1)
@oreImpureCopper!
@glassRed!(3225:14,1)(1029:14,1)
@dustNetherTanzanite!
@elementKrypton!(20892:35,1)
@ingotAluminum!(14276:11,1)(29256:0,1)(17750:5,1)(19020:0,1)(12332:0,1)
@cropCanteloupe!
@dustCobalt!(14276:39,1)(13058:15,1)
@ingotCassiterite!
@clusterSaltpeter!
@oreRuby!(1942:2,1)(3173:6,1)(2130:0,1)
@reducedDark Iron!(9292:10,1)
@dustImpureTin!(4448:16,1)
@dirtyDustFzDarkIron!(13057:2,1)
@obsidianRod!(14277:6,1)(6750:0,1)(6406:0,1)
@oreEnergeticAlloy!
@oreYellorium!
@ingotImpureLead!
@brickPeat!(5273:0,1)
@flintRod!(14277:3,1)
@dirtyDustAdamantine!(13057:68,1)
@nuggetKalendrite!
@rubbleGold!(13056:9,1)
@oreYellorite!(2740:0,1)
@gemLead!
@dustBronze!(8464:40,1)(26306:0,1)
@ingotCyanite!(8612:1,1)
@MonazitOre!
@coralLightBlue!(516:4,1)(1969:6,1)
@rubbleRubracium!(13056:67,1)
@oreNetherAlumite!
@clusterAmber!
@cropRye!
@ingotDiamond!
@clusterGraphite!
@dustArdite!(14276:38,1)(13058:16,1)
@oreShadow Steel!
@oreDesichalkos!
@clusterNetherFzDarkIron!
@rubbleCarmot!(13056:81,1)
@cropPotato!(392:0,1)
@sludge!(9295:0,1)
@clusterIgnatius!
@shardObsidian!(11483:6,1)
@shardLead!(11483:7,1)
@glassLightBlue!(3225:3,1)(1029:3,1)
@blockManganese!(1701:2,1)
@dustGreenSapphire!
@blockCelenegil!(1707:12,1)
@cropMustard!
@rubbleAluminum!(13056:20,1)
@glassWhite!(3225:0,1)(1029:0,1)
@clusterPlatinum!
@elementGold!(20892:78,1)
@oreIgnatius!(1703:0,1)(2930:0,1)(2930:1,1)
@dyeCeramicBlue!(21261:11,1)
@oreMeat!
@nuggetMeatRaw!(21283:0,1)
@cropAvocado!
@dustMeutoite!(26756:0,1)(13058:83,1)
@gemSapphire!(22407:6,1)(12331:2,1)(16992:38,1)
@ingotElectricalSteel!(8788:0,1)
@elementRadium!(20892:87,1)
@dirtyDustOsmium!(13057:45,1)
@dustNetherAluminumBrass!
@cleanGravelGalena!(9291:6,1)
@cropPlum!(13386:4,1)(13251:8,1)
@gemSunstone!(20356:6,1)
@dustCalcite!
@dustNetherInvar!
@rubbleMithril!(13056:78,1)
@oreDirtyLead!
@ingotDesichalkos!(26657:0,1)
@blockObsidian!
@oreNetherAluminium!
@dustPureArdite!(4448:31,1)
@componentArtificialMuscle!(25026:16,1)
@ingotForce!(6257:0,1)
@itemTear!(6299:0,1)(370:0,1)
@chest!
@dyeCeramicMagenta!(21261:2,1)
@ingotPigIron!(14276:34,1)
@blockGlass!(20:0,1)(3362:0,1)(3362:1,1)
@gemRuby!(22407:1,1)(12331:1,1)(16992:37,1)
@cropBrusselsprout!
@seedZucchini!
@clusterBlack Steel!
@clusterTin!(18362:18,1)
@clusterDirtyIron!
@ingotAtlatus!
@seedAlmond!
@seedSpiceleaf!
@oreMithril!(1706:7,1)(2937:0,1)(2937:1,1)(2937:2,1)
@oreNetherSapphire!(1011:15,1)
@cropSandPear!(13251:23,1)
@dustSilver!(8464:34,1)(11460:8,1)(4448:24,1)(25656:0,1)(13058:0,1)
@orePureCobalt!
@dustPeridot!
@dustNetherNickel!
@cropCinnamon!
@oc:craftingCaseTier1!(3581:0,1)
@clusterImpureLead!
@ingotSunstone!
@oc:craftingCaseTier2!(3581:1,1)
@ingotChimerite!
@oc:craftingCaseTier3!(3581:2,1)
@dustImpureCobalt!(4448:28,1)
@seedClove!
@blockDiamond!(57:0,1)
@oreNetherInvar!
@clusterBitumen!
@clusterUnstable!
@cleanGravelIron!(9291:0,1)
@woodStair!(3052:0,1)
@clusterDirtyCopper!
@oreImpureSilver!
@cropHazelnut!(13251:24,1)
@reactorCoolantPort!(2742:15,1)
@blockCoal!(173:0,1)
@componentFieldEmitter!(25026:11,1)
@coralBrown!(516:6,1)
@blockHepatizon!(1701:4,1)
@blockLimestone!(500:3,1)(2762:0,1)(500:0,1)
@clusterNetherYellorite!
@dustNetherTopaz!
@ingotRutile!(29256:3,1)
@clusterYellorite!
@oc:craftingALU!(6856:27,1)
@seedCauliflower!
@seedMango!
@dustNetherElectrum!
@elementCurium!(20892:95,1)
@ingotVyroxeres!(27907:0,1)
@oreOureclase!(1706:4,1)(2938:0,1)(2938:1,1)(2938:2,1)
@elementBoron!(20892:4,1)
@foodGrapejuice!(7471:0,1)
@ingotInfusedEarth!
@gemTungsten!
@dustNetherAluminum!
@ingotNetherObsidian!
@dyeGray!(351:8,1)(2137:7,1)(15778:18,1)
@clusterNetherGold!
@seedOnion!
@ingotManganese!(26507:0,1)
@oreNetherUranium!(1011:11,1)
@ingotRubracium!(27507:0,1)
@leavesRubber!(1023:0,1)
@ingotMithril!(27257:0,1)
@oreDiamond!(56:0,1)(458:2,1)
@gearBronze!(5264:0,1)(8464:228,1)
@ingotYellorite!
@fertilizerOrganic!(21448:0,1)
@ingotIridium!
@ingotLead!(9270:0,1)(8464:67,1)(19034:0,1)(12332:3,1)
@clusterDamascus Steel!
@plankWood!(5:32767,1)(3262:0,1)(3262:1,1)(3262:2,1)(3262:3,1)(3262:5,1)(3262:6,1)(3262:7,1)(3262:8,1)(3262:9,1)(3262:10,1)(3262:11,1)(3262:13,1)(1947:32767,1)(1380:32767,1)(1417:32767,1)(1430:0,1)(1430:1,1)(1430:2,1)(1430:3,1)(1430:4,1)(1430:5,1)(1430:6,1)(1430:7,1)(1430:8,1)(1430:9,1)(1430:10,1)(1430:11,1)(1430:12,1)(1430:13,1)(1430:14,1)(1430:15,1)(1430:16,1)(1430:17,1)(1430:18,1)(1430:19,1)(1430:20,1)(1430:21,1)(1430:22,1)(1430:23,1)(1430:24,1)(1430:25,1)(1430:26,1)(1430:27,1)(1430:28,1)(1430:29,1)(1430:30,1)(1430:31,1)(1430:32,1)(1430:33,1)(1430:34,1)(2623:6,1)(2623:7,1)(3044:0,1)(2180:32767,1)(1904:1,1)(1151:0,1)(4072:0,1)(4072:1,1)(4072:2,1)(4072:3,1)(4072:4,1)(4072:5,1)(4072:6,1)(4072:7,1)(4072:8,1)(4072:9,1)(4072:10,1)(4072:11,1)(4072:12,1)(4072:13,1)(4072:14,1)(4072:15,1)(2528:0,1)(2528:1,1)(2528:2,1)(2528:3,1)(2528:4,1)(2528:5,1)(2528:6,1)(2528:7,1)(2528:8,1)(2528:9,1)(2528:10,1)(2528:11,1)(2528:12,1)(2528:13,1)(2528:14,1)(2528:15,1)(1869:32767,1)
@ingotDirtyGold!
@ingotYellorium!(8612:0,1)
@seedArtichoke!
@blockCrystalFlux!(2730:1,1)
@clusterImpureAluminum!
@clusterGalena!
@oreNetherSilicon!
@ingotDeep Iron!(27107:0,1)
@dustNikolite!
@elementLead!(20892:81,1)
@ingotNetherSapphire!
@dyePink!(351:9,1)(2137:6,1)(15778:19,1)
@ingotAluminium!(14276:11,1)(29256:0,1)(17750:8,1)
@blockCeruclase!(1704:2,1)
@elementFermium!(20892:99,1)
@shardGold!(11483:1,1)
@elementScandium!(20892:20,1)
@rubbleEximite!(13056:82,1)
@oc:craftingCU!(6856:28,1)
@dirtyDustSilver!(13057:0,1)
@dustIron!(8792:1,1)(4362:8,1)(8464:0,1)(11460:0,1)(4448:20,1)(5356:0,1)(13058:8,1)
@clumpGold!(11475:1,1)
@crystallineSteel!
@gemLapis!(351:4,1)
@clusterQuicklime!
@oreBlack Steel!
@seedChestnut!
@dustSphalerite!
@oreWheat!
@blockPigIron!
@blockCopper!(1478:3,1)(500:12,1)(2712:0,1)(3000:12,1)(3174:2,1)(1701:0,1)
@clusterObsidian!
@seedPeanut!
@cellTritium!(13085:0,1)
@seedSweetpotato!
@blockNickel!(2712:4,1)(3174:4,1)
@cropSweetpotato!
@oreLead!(2701:3,1)(3173:3,1)
@oreArdite!(1475:2,1)(2920:0,1)(2920:1,1)
@dustIndium!
@dustNetherSulfur!
@clusterSilver!(18362:19,1)
@rubbleAdamantine!(13056:68,1)
@ingotBlutonium!(8612:3,1)
@dustCinnabar!
@clusterOsmium!
@oreAluminum!(1475:5,1)(1488:4,1)(500:0,1)(3410:7,1)(3173:0,1)
@ingotNetherNaturalAluminum!
@oreBrass!
@nuggetGold!(371:0,1)(14360:1,1)(371:0,1)
@elementIndium!(20892:48,1)
@blockMagnesium!(500:10,1)
@seedBean!
@crystallineNaturalAluminum!
@blockManyullyn!(1478:2,1)
@boneRod!(14277:5,1)
@dustPureCobalt!(4448:30,1)
@compressedAluminum!(17750:8,1)
@oreCarmot!(1706:6,1)(2926:0,1)(2926:1,1)(2926:2,1)
@blockBlueTopaz!(1141:7,1)
@crystallineGold!(9293:1,1)
@blockMoonstone!(1141:5,1)
@oc:craftingRouter!(3580:5,1)
@groundTin!(4448:2,1)
@oreFairy!
@clusterNetherTin!
@ingotPrometheum!(27407:0,1)
@crystallineEmerald!
@ingotPureCobalt!
@batteryBox!(838:0,1)
@blockUnstable!(2523:5,1)
@elementRhodium!(20892:44,1)
@cropClove!(13251:39,1)
@elementYttrium!(20892:38,1)
@dustUnstable!
@elementNiobium!(20892:40,1)
@cropRutabaga!
@dustDesichalkos!(26656:0,1)
@oreMythril!
@dyeBlue!(351:4,1)(12660:8,1)(22266:5,1)(29256:28,1)(2137:11,1)(13213:21,1)(21:0,1)(15778:14,1)
@seedLeek!
@gearCopper!(5275:0,1)(8464:224,1)
@ingotCinnabar!
@seedEdibleroot!
@dustInolashite!(25956:0,1)
@elementCobalt!(20892:26,1)
@blockRefined Glowstone!
@reducedGalena!(9292:6,1)
@cropLime!(13251:3,1)(13251:16,1)(13251:17,1)
@foodApplejuice!(7456:0,1)
@dustGold!(8792:2,1)(4362:9,1)(8464:1,1)(11460:1,1)(4448:19,1)(5357:0,1)(13058:9,1)
@dyeMagenta!(351:13,1)(2137:2,1)(15778:23,1)
@nuggetElectrumFlux!(8756:64,1)
@oc:craftingTransistor!(6856:23,1)
@dirtyDustCeruclase!(13057:59,1)
@orePlatinum!(1702:3,1)
@clumpSilver!(11475:5,1)
@clusterInfusedOrder!
@ingotGraphite!(8612:2,1)
@dirtyGravelSilver!(9290:5,1)
@clusterMithril!
@elementHassium!(20892:107,1)
@cropFig!(13251:32,1)
@gearDiamond!(19360:0,1)
@dirtyDustIgnatius!(13057:56,1)
@dirtyDustVulcanite!(13057:64,1)
@dustNetherBronze!
@blockTin!(1478:5,1)(2712:1,1)(3000:13,1)(3174:8,1)(1701:1,1)
@clusterSunstone!
@reactorController!(2742:6,1)
@dyeLime!(351:10,1)(2137:5,1)(15778:20,1)
@ingotBlack Steel!(26957:0,1)
@clusterNetherUranium!
@dirtyDustCarmot!(13057:81,1)
@oreInfusedWater!(2608:3,1)
@oc:craftingCPUTier2!(6856:42,1)
@universalCable!(11481:0,8)
@oc:craftingCPUTier3!(6856:43,1)
@ingotRefinedGlowstone!(11461:3,1)
@oc:craftingCPUTier1!(6856:29,1)
@cropApricot!(13251:10,1)
@ingotGreenSapphire!
@componentGliderWing!(25026:3,1)
@dirtyDustOureclase!(13057:80,1)
@oreNetherDiamond!(1011:1,1)
@nuggetNaturalAluminium!
@dustVinteum!(20356:0,1)
@groundSilver!(4448:8,1)
@fenceIron!
@clusterSalt!
@waxMagical!(26091:0,1)(26091:2,1)
@cropBeet!
@oreNetherYellorite!
@dyeCeramicGreen!(21261:13,1)
@oreAluminium!(1475:5,1)(1488:4,1)(500:0,1)(3410:7,1)
@itemCharcoalCactus!(4600:2,1)
@elementAmericium!(20892:94,1)
@ProjRed|Exploration:bag!(16989:0,1)(16989:1,1)(16989:2,1)(16989:3,1)(16989:4,1)(16989:5,1)(16989:6,1)(16989:7,1)(16989:8,1)(16989:9,1)(16989:10,1)(16989:11,1)(16989:12,1)(16989:13,1)(16989:14,1)(16989:15,1)
@dirtyDustRutile!(13057:33,1)
@crystallineAlumite!
@oreEnderPearl!
@cropStrawberry!
@dustImpureArdite!(4448:29,1)
@cropEggplant!
@blockBronze!(1478:4,1)(2712:8,1)(3000:1,1)(3174:1,1)(1701:3,1)
@cropTomato!
@turbineFluidPort!(2750:3,1)
@oreCharcoal!
@coralLightGray!(516:11,1)
@cropGrape!(7473:0,1)
@ingotNetherEmerald!
@dustNetherPlatinum!
@dustNetherSteel!
@cropAcorn!(13251:33,1)
@clusterDirtyGold!
@cleanGravelSilver!(9291:5,1)
@dirtyGravelCobalt!(9290:8,1)
@glassPurple!(3225:10,1)(1029:10,1)
@cropCucumber!
@blockCloud!(2842:0,1)
@clusterIron!(18362:16,1)
@shardOrder!(18363:4,1)
@nuggetAdamantine!
@glassPaneWhite!(1030:0,1)
@ingotMidasium!(27657:0,1)
@elementCaesium!(20892:54,1)
@blockZinc!(1702:4,1)
@compressedCobblestone1x!(2506:0,1)
@clusterEmery!
@ingotTennantite!
@dirtyDustManganese!(13057:50,1)
@glassPaneBlack!(1030:15,1)
@ingotSapphire!
@clusterNetherBronze!
@dustMoonstone!
@turbineRotorShaft!(2751:0,1)
@chestWood!(54:0,1)(54:0,1)
@charcoal!(263:1,1)
@crystallineArdite!(9293:9,1)
@dustElectrum!(8464:38,1)(25556:0,1)
@dustFirestone!
@compressedCobblestone2x!(2506:1,1)
@gemOnyx!
@oreSilicon!(3410:8,1)
@blockDesichalkos!(1700:10,1)
@blockInvar!(2712:7,1)
@projredInsulatedWire!(16287:1,1)(16287:2,1)(16287:3,1)(16287:4,1)(16287:5,1)(16287:6,1)(16287:7,1)(16287:8,1)(16287:9,1)(16287:10,1)(16287:11,1)(16287:12,1)(16287:13,1)(16287:14,1)(16287:15,1)(16287:16,1)
@dustMeat!
@turbineBearing!(2750:4,1)
@oreCadmium!
@oc:circuitTier2!(6856:25,1)
@oc:circuitTier1!(6856:24,1)
@oreBlutonium!
@ingotNetherManyullyn!
@oc:circuitTier3!(6856:26,1)
@clusterFluorite!
@nuggetPigIron!(14276:35,1)
@dustRutile!(13058:33,1)
@paper!
@cropBean!
@oreOrichalcum!(1706:11,1)(2938:0,1)(2938:1,1)(2938:2,1)
@clusterSphalerite!
@diamondNugget!(25130:0,1)
@oc:craftingCable!(3582:0,1)
@coralRed!(516:3,1)
@clusterYellorium!
@cropLeek!
@glass!(20:0,1)(704:1,1)(20:0,1)(3223:0,1)(20:0,1)(20:0,1)(2527:0,1)(2527:1,1)(2527:2,1)(2527:3,1)(2527:6,1)(2527:9,1)
@dustRefined Glowstone!
@seedLime!
@clusterRefinedGlowstone!
@groundCopper!(4448:6,1)
@glassReinforced!
@dustInfusedEarth!
@itemCircuitAdvanced!
@nuggetInolashite!
@elementSilver!(20892:46,1)
@cropCantaloupe!
@clusterInfusedEntropy!
@blockMeatRaw!(1033:12,1)
@elementTellurium!(20892:51,1)
@oreGlue!
@cropApple!(13251:0,1)(260:0,1)
@ingotNetherPeridot!
@ingotDirtyObsidian!
@ingotNetherSulfur!
@ingotQuartz!
@dustTennantite!
@ingotNetherFzDarkIron!
@dyeCeramicLightBlue!(21261:3,1)
@ingotDirtySilver!
@nuggetMidasium!
@componentPlatingBasic!(25026:9,1)
@clusterImpureCopper!
@ingotMeatRaw!(21281:0,1)
@treeSapling!(6:32767,1)(1937:32767,1)(1938:32767,1)(13384:0,1)(3043:0,1)(2175:32767,1)(1906:0,1)(1867:32767,1)
@slabWood!(126:32767,1)(3288:32767,1)(3289:32767,1)(1949:32767,1)(1951:32767,1)(1386:32767,1)(1387:32767,1)(1415:32767,1)(3051:0,1)(1908:16,1)(1153:0,1)(1883:32767,1)
@elementSamarium!(20892:61,1)
@nuggetRutile!(29256:37,1)
@elementThallium!(20892:80,1)
@oreNetherObsidian!
@seedCherry!
@seedLettuce!
@rubbleSanguinite!(13056:62,1)
@sawdust!
@rubbleVyroxeres!(13056:57,1)
@blockQuicksilver!(1707:9,1)
@coralOrange!(516:8,1)(1969:5,1)
@oreSteel!
@dirtyGravelDark Iron!(9290:10,1)
@shardDiamond!(26120:5,1)
@blockSilver!(1002:1,1)(2712:2,1)(3174:6,1)(1702:5,1)
@dustNetherQuartz!(4362:22,1)
@clusterAluminum!
@waferBasic!(17750:13,1)
@clusterDirtyTin!
@dustDirtyGold!(11476:1,1)
@dyeGreen!(351:2,1)(22266:7,1)(29256:29,1)(2137:13,1)(13213:22,1)(15778:12,1)
@glassPaneGreen!(1030:13,1)
@dirtyDustZinc!(13057:51,1)
@oreNetherGlue!
@crystalCertusQuartz!(4362:6,1)
@cropVine!(3282:0,1)
@oreMeteoricIron!
@coralYellow!(516:7,1)
@itemCharcoalSugar!(21269:0,1)(4600:0,1)
@dirtyDustCobalt!(13057:15,1)
@dirtyDustAluminium!(13057:21,1)
@gemPeridot!(22407:2,1)(16992:39,1)
@rubbleAlduorite!(13056:65,1)
@blockFft!(2835:0,1)
@dustNetherUranium!
@dustHepatizon!(26456:0,1)
@oreOnyx!
@sand!
@clusterElectricalSteel!
@nuggetMithril!
@ingotNetherPigIron!
@dustMagnesium!(26238:0,1)(13058:32,1)
@cropWalnut!(13386:1,1)(13251:25,1)
@dustPotash!(26242:0,1)
@dustQuicksilver!(27456:0,1)
@blockMithril!(1707:7,1)
@ingotAstral Silver!(26857:0,1)
@stoneBricks!(2002:32767,1)(2003:32767,1)(98:32767,1)
@oreNetherBronze!
@cropVanillabean!
@clusterMagnesium!
@dustEnderium!(8464:42,1)
@clusterNetherRuby!
@dustInfusedEntropy!
@rubbleSilver!(13056:0,1)
@oreGalena!
@clusterInfusedAir!
@dyeCeramicPurple!(21261:10,1)
@ingotAmber!
@cropPlantain!(13251:30,1)
@rubbleArdite!(13056:16,1)
@oreLapis!(21:0,1)(458:4,1)(21:0,1)(21:0,1)
@oc:craftingSolarGenerator!(6856:34,1)
@clusterElectrum!
@stickObsidian!(6750:0,1)
@oreNetherIron!(1011:3,1)
@nuggetQuicksilver!(18356:3,1)
@elementAstatine!(20892:84,1)
@elementZirconium!(20892:39,1)
@oreNetherLapis!(1011:4,1)
@clusterNetherRedstone!
@wrench!(14226:0,1)
@elementFluorine!(20892:8,1)
@dustEmerald!
@cropStarfruit!
@dustSaltpeter!(7782:2,1)(19514:1,1)(8464:129,1)(26243:0,1)
@dustSanguinite!(27706:0,1)(13058:62,1)
@glassPaneYellow!(1030:4,1)
@dustEmery!
@cropSourCherry!(13251:5,1)
@gemSaltpeter!
@gemCrystalFlux!(8756:96,1)
@ingotNetherYellorite!
@clusterQuicksilver!
@cropLettuc!
@elementMercury!(20892:79,1)
@copperCableBlock!
@shardEntropy!(18363:5,1)
@slimeRod!(14277:8,1)
@clusterApatite!
@clusterNetherSteel!
@elementSeaborgium!(20892:105,1)
@wireExplosive!(1050:0,1)
@ingotNetherAlumite!
@seedLemon!
@dustCadmium!
@dustRuby!
@dustImpureSilver!(4448:15,1)
@dustIridium!
@ingotAlumite!(14276:15,1)
@compressedGravel1x!(2506:12,1)
@clusterPlutonium!
@elementPraseodymium!(20892:58,1)
@oreCoal!(16:0,1)(16:0,1)(16:0,1)(16:0,1)
@clusterEximite!
@dustAdamantium!
@reducedArdite!(9292:9,1)
@glassSoul!(3362:0,1)
@dustCharcoal!(7782:3,1)
@dustCassiterite!
@crystallineElectrum!
@plateBronze!
@ingotDesh!(17761:2,1)
@dustNetherOsmium!
@dustPlutonium!(8612:7,1)
@stoneBowl!(6407:0,1)
@seedOkra!
@dustTungsten!
@cropCherry!(13386:0,1)(13251:4,1)(13251:5,1)(13251:6,1)
@cropMango!
@rubbleCeruclase!(13056:59,1)
@compressedGravel2x!(2506:13,1)
@netherrackRod!(14277:7,1)
@tinWire!(13070:1,1)
@cropBlackthorn!(13251:7,1)
@gemNickel!
@glassYellow!(3225:4,1)(1029:4,1)
@ingotNickel!(8464:68,1)(19038:0,1)(12332:4,1)
@oreAmordrine!
@rubbleFzDarkIron!(13056:2,1)
@oreInfuscolium!(1706:2,1)(2931:0,1)(2931:1,1)(2931:2,1)
@gemSilver!
@rubbleOrichalcum!(13056:75,1)
@clusterSawdust!
@nuggetMeutoite!
@emerald!
@clusterNetherInvar!
@dirtyDustMidasium!(13057:54,1)
@dustMeteoricIron!
@itemSalt!(11487:0,1)
@knife!(24506:0,1)(24506:1,1)(24506:2,1)(24506:3,1)(24506:4,1)
@paperRod!(14277:9,1)
@oreImpureCobalt!
@glassTurbine!(2747:1,1)
@ingotNikolite!
@plateHeavyT2!(17761:3,1)
@dirtyGravelTin!(9290:3,1)
@oreAluminiumBrass!
@ingotNetherNickel!
@gemRutile!
@glassPaneBrown!(1030:12,1)
@componentIonThruster!(25026:4,1)
@blockFairy!(2313:0,1)
@elementTantalum!(20892:72,1)
@itemRubber!(21451:0,1)
@ingotImpureAluminum!
@elementStrontium!(20892:37,1)
@seedDragonfruit!
@ingotSanguinite!(27707:0,1)
@oreAtlarus!(1706:14,1)
@ingotInfusedAir!
@dustNetherAluminium!
@gemEmerald!(388:0,1)(388:0,1)(388:0,1)
@dustNetherRuby!
@oreNetherAluminum!
@oreObsidian!
@blockAngmallen!(1701:6,1)
@cactusRod!(14277:4,1)
@cropCarrot!(391:0,1)
@dirtyDustShadow Iron!(13057:61,1)
@coralWhite!(516:12,1)
@dustOrichalcum!(27306:0,1)(13058:75,1)
@clock!
@crushedUranium!
@dustAtlatus!
@dustNetherRedstone!
@clusterOnyx!
@nuggetHaderoth!
@ingotBauxite!
@cropKeyLime!(13251:17,1)
@oreSanguinite!(1703:9,1)(2942:0,1)(2942:1,1)
@cropSeaweed!
@cropWhitemushroom!
@orePyrite!
@nuggetIgnatius!
@ingotCopper!(31996:0,1)(14276:9,1)(29256:4,1)(17750:3,1)(8464:64,1)(11461:5,1)(19024:0,1)(12332:2,1)(26357:0,1)
@clusterSilicon!
@dustTanzanite!
@dustConductiveIron!
@clusterEnderPearl!
@oreNetherPlatinum!(1012:0,1)
@elementMagnesium!(20892:11,1)
@gemGreenSapphire!
@ingotFzDarkIron!(9264:0,1)
@oreInfusedFire!(2608:2,1)
@ingotNetherApatite!
@clusterVibrantAlloy!
@nuggetCopper!(18362:1,1)(14276:20,1)(14360:2,1)(29256:38,1)(26120:1,1)(8464:96,1)
@dyeYellow!(351:11,1)(29256:30,1)(2137:4,1)(13213:20,1)(15778:21,1)
@lever!
@nuggetOrichalcum!
@elementGallium!(20892:30,1)
@dustVibrantAlloy!
@ingotIndium!
@blockTartarite!(1707:15,1)
@reducedTin!(9292:3,1)
@orePrometheum!(1706:0,1)(2940:0,1)(2940:1,1)(2940:2,1)
@blockSunstone!(1141:8,1)
@dustImpureNickel!(4448:12,1)
@shardAir!(18363:0,1)
@oreQuicksilver!
@oreLapisLazuli!
@oreManyullyn!
@clusterManganese!
@ingotAngmallen!(26257:0,1)
@clusterCharcoal!
@oreNetherNickel!(1012:1,1)
@blockGraphite!(2753:2,1)
@bamboo!(7459:0,1)
@compressedCopper!(17750:6,1)
@blockLead!(1002:2,1)(2712:3,1)(3174:3,1)
@woodSlab!(3051:0,1)
@enderPearl!
@seedCandle!
@ingotFirestone!
@dustKalendrite!(26006:0,1)(13058:58,1)
@cropGarlic!
@oc:craftingWire!(6856:17,1)
@crystallineBronze!
@burntquartz!(2523:2,1)
@oreTitanium!
@oreAluminumBrass!
@cropPineapple!
@clusterPhosphorite!
@gearGold!(19359:0,1)
@ingotManyullyn!(14276:5,1)
@clusterNetherOsmium!
@oreNetherEmerald!(1011:8,1)
@clusterAtlatus!
@oc:craftingKeyboard!(3582:1,1)
@dustNetherYellorite!
@clusterRubracium!
@clusterNetherAmber!
@elementRadon!(20892:85,1)
@elementTerbium!(20892:64,1)
@reducedLead!(9292:2,1)
@dustCooperite!
@woodRubber!(1022:0,1)
@clumpOsmium!(11475:2,1)
@rubbleNickel!(13056:38,1)
@clusterMeteoricIron!
@ingotRefinedObsidian!(11461:0,1)
@clusterAluminium!
@clusterVyroxeres!
@clusterCalcite!
@dirtyDustInfuscolium!(13057:66,1)
@blockGlue!
@crystallineInvar!
@clusterNetherElectrum!
@waferAdvanced!(17750:14,1)
@dustTetrahedrite!
@ingotLapisLazuli!
@elementCalcium!(20892:19,1)
@minecartHopper!
@dustNetherSilver!
@ingotApatite!
@slabCloth!(3244:32767,1)(3245:32767,1)
@dirtyDustPrometheum!(13057:73,1)
@oc:craftingScreenTier3!(3581:7,1)
@ingotNetherUranium!
@oc:craftingScreenTier2!(3581:6,1)
@oc:craftingScreenTier1!(3581:5,1)
@seedRadish!
@elementSelenium!(20892:33,1)
@coralMagenta!(516:5,1)
@dustMithril!(27256:0,1)(13058:78,1)
@dyeCeramicLime!(21261:5,1)
@reducedCobalt!(9292:8,1)
@nuggetDeep Iron!
@gemMoonstone!(20356:7,1)
@dustCyanite!(8612:5,1)
@crystallineCobalt!(9293:8,1)
@elementPlutonium!(20892:93,1)
@gemTitanium!
@itemTar!(26245:0,1)
@blockPrometheum!(1707:0,1)
@clusterDirtyLead!
@orePigIron!
@dustAluminum!(14276:40,1)(4448:17,1)(13058:20,1)
@nuggetManganese!
@cropGinkoNut!
@cropWildCherry!(13251:4,1)
@ingotDirtyCopper!
@cropRadish!
@componentWiring!(25026:0,1)
@ingotNetherCinnabar!
@blockRedstone!(152:0,1)
@nuggetRefined Glowstone!
@ingotFluorite!
@dustNetherManyullyn!
@cropCelery!
@dustNetherCobalt!
@glassBlue!(3225:11,1)(1029:11,1)
@componentLaserEmitter!(25026:12,1)
@ingotTitanium!(29256:2,1)
@crystallineNickel!
@oreNetherRedstone!(1011:5,1)
@seedTomato!
@clusterNetherPeridot!
@clusterCertusQuartz!
@motor!(841:0,1)
@dirtyGravelGalena!(9290:6,1)
@clusterCyanite!
@Uranium Ore!
@dustDesh!
@blockShadow Steel!(1704:7,1)
@dyeCeramicBrown!(21261:12,1)
@rubblePlatinum!(13056:39,1)
@blockMidasium!(1704:0,1)
@cleanGravelCopper!(9291:4,1)
@seedWhitemushroom!
@ingotInvar!(8464:71,1)
@ingotImpureNickel!
@ingotNetherLead!
@itemCokeCactus!(4600:3,1)
@ingotZinc!(25707:0,1)
@dirtyGravelIron!(9290:0,1)
@dustNetherIridium!
@seedPecan!
@dustDirtyIron!(11476:0,1)
@clusterAluminumBrass!
@clusterCeruclase!
@componentMVCapacitor!(25026:6,1)
@seedBlackberry!
@quicksilver!(18356:3,1)
@dustMeatRaw!
@clusterNikolite!
@glassHardened!(704:0,1)(2713:0,1)
@oreMeatRaw!
@dustGlue!
@seedOrange!
@elementIodine!(20892:52,1)
@cropTangerine!(13251:21,1)
@glassBrown!(3225:12,1)(1029:12,1)
@crystalOsmium!(11489:2,1)
@oreAmmonium!
@oreElectrumFlux!
@blockCobalt!(1478:0,1)
@glassGreen!(3225:13,1)(1029:13,1)
@ingotInfusedWater!
@dustHaderoth!(27156:0,1)
@waferSolar!(17750:12,1)
@cropBellpepper!
@gemMalachite!(22407:5,1)
@nuggetRubracium!
@nuggetCarmot!
@dyeCeramicOrange!(21261:1,1)
@dustSteel!(11460:5,1)(26556:0,1)
@cropMelon!(360:0,1)
@dustNetherRutile!
@plateSteel!
@ingotArdite!(14276:4,1)
@dirtyDustAluminum!(13057:20,1)
@seedDate!
@elementErbium!(20892:67,1)
@sandstone!(24:32767,1)
@compass!
@dustManganese!(26506:0,1)(13058:50,1)
@bricksStone!(2504:0,1)(2504:1,1)(2504:2,1)(2504:3,1)(2504:4,1)(2504:5,1)(2504:6,1)(2504:7,1)(2504:8,1)(2504:9,1)(2504:10,1)(2504:11,1)(2504:12,1)(2504:13,1)(2504:14,1)(2504:15,1)
@clusterRefined Glowstone!
@clusterCopper!(18362:17,1)
@dustCarmot!(27006:0,1)(13058:81,1)
@nuggetDamascus Steel!
@seedHazelnut!
@ingotNetherTin!
@ingotTetrahedrite!
@oreTennantite!
@clusterMythril!
@nuggetBlack Steel!
@rubblePrometheum!(13056:73,1)
@dirtyGravelArdite!(9290:9,1)
@elementGermanium!(20892:31,1)
@dustDiamond!(6307:129,1)(11460:4,1)
@elementThorium!(20892:89,1)
@copperWire!(13070:0,1)
@blockEnder!(1478:10,1)(2947:0,1)
@ingotHepatizon!(26457:0,1)
@seedPlum!
@blockAluminumBrass!(1478:7,1)
@blockInolashite!(1704:8,1)
@dustAmber!
@oreTopaz!(1942:6,1)
@ingotKalendrite!(26007:0,1)
@clusterAmmonium!
@blockPokefennium!(2313:1,1)
@crystallineCopper!(9293:4,1)
@ingotImpureCopper!
@clusterConductiveIron!
@rubbleAstral Silver!(13056:76,1)
@oreCalcite!
@ingotNetherAluminumBrass!
@clusterNetherAlumite!
@ingotRuby!
@itemBioFuel!(11557:0,1)
@clusterPrometheum!
@cropChilipepper!
@gemChimerite!(20356:4,1)
@oc:craftingNumPad!(6856:22,1)
@cropBrazilNut!(13251:31,1)
@oreNetherCobalt!
@crystallineObsidian!
@dustSunstone!
@seedKiwi!
@dustCheese!
@blockAluminiumBrass!(1478:7,1)
@oc:craftingHDDTier3!(6856:7,1)
@ingotOrichalcum!(27307:0,1)
@oc:craftingHDDTier2!(6856:6,1)
@ingotEnderPearl!
@oc:craftingHDDTier1!(6856:5,1)
@compressedSand1x!(2506:14,1)
@ingotNetherAluminum!
@ingotNetherSilicon!
@oreCheese!(3451:2,1)
@oreIndium!
@gearElectrum!(8464:226,1)
@oreCassiterite!
@clusterShadow Iron!
@elementNobelium!(20892:101,1)
@elementPlatinum!(20892:77,1)
@compressedSand2x!(2506:15,1)
@cellWater!(13086:0,1)
@ingotEnergeticAlloy!(8788:1,1)
@clusterForce!
@ingotNetherArdite!
@clusterImpureNickel!
@elementMendelevium!(20892:100,1)
@saplingTree!(3256:32767,1)(3279:32767,1)(3043:0,1)
@seedOlive!
@blockAmordrine!(1704:9,1)
@plateDesh!(17761:5,1)
@dirtyDustIron!(13057:8,1)
@cropDragonfruit!
@cableRedNet!(1044:0,1)(1044:1,1)
@cropManderin!(13251:18,1)
@cloth!(35:32767,1)
@cropPumpkin!(86:0,1)
@clusterCobalt!
@rubbleVulcanite!(13056:64,1)
@blockKalendrite!(1704:4,1)
@oreNetherRutile!(1012:9,1)
@oreRefined Glowstone!
@elementPromethium!(20892:60,1)
@endercore!(2523:11,1)
@nuggetDesichalkos!
@antimatterGram!(13088:1,1)
@dustTitanium!
@circuitAdvanced!(14231:0,1)
@plantKelp!(516:0,1)(1969:3,1)
@elementHelium!(20892:1,1)
@dustAsh!(5274:0,1)(4830:0,1)
@shardNether!(18658:0,1)(18658:1,1)(18658:3,1)(18658:4,1)(18658:5,1)(18658:6,1)(18672:0,1)
@ingotPokefennium!(19981:1,1)
@crafterWood!(3283:0,1)(3283:1,1)(3283:2,1)(3283:3,1)(3283:4,1)(3283:6,1)(3283:7,1)(3283:8,1)(3283:9,1)(3283:10,1)(3283:11,1)(3283:12,1)(58:0,1)
@ingotMeat!(21282:0,1)
@ingotRedstone!
@dustPyrite!
@dustNetherSapphire!
@seedRice!(7463:0,1)
@oreHaderoth!
@dustNetherAmber!
@listAllseed!(7458:0,1)(7470:0,1)(7468:0,1)(7463:0,1)
@blockAtlarus!(1707:14,1)
@ingotOureclase!(27357:0,1)
@ingotPhosphorus!
@glassCyan!(3225:9,1)(1029:9,1)
@seedGrapes!(7470:0,1)
@nuggetLemurite!
@stoneMossy!(98:1,1)(48:0,1)
@gemSulfur!
@elementProtactinium!(20892:90,1)
@ingotNetherDiamond!
@wire!(13070:0,1)
@oreInfusedEntropy!(2608:6,1)
@blockDamascus Steel!(1701:5,1)
@nuggetAlumite!(14276:32,1)
@listAllfruit!(7473:0,1)
@seedBanana!
@rubbleMidasium!(13056:54,1)
@oreDirtyOsmium!
@dustLead!(8464:35,1)(11460:9,1)(4448:21,1)(13058:1,1)
@dropIridium!
@oreNetherPeridot!
@clusterNetherAluminumBrass!
@oreUranium!(3790:0,1)(844:0,1)(3790:0,1)
@cropOkra!
@oreRedstone!(73:0,1)(73:0,1)(74:0,1)(74:0,1)
@elementLawrencium!(20892:102,1)
@clay!
@reducedCopper!(9292:4,1)
@elementActinium!(20892:88,1)
@clusterNetherSaltpeter!
@dustAstral Silver!(26856:0,1)(13058:76,1)
@nuggetOsmium!
@glassReactor!(2747:0,1)
@elementCerium!(20892:57,1)
@glassPanePurple!(1030:10,1)
@oreCyanite!
@elementEinsteinium!(20892:98,1)
@clusterPokefennium!
@cobaltRod!(14277:10,1)
@ingotPeridot!
@clusterRuby!
@componentHVCapacitor!(25026:7,1)
@oreDirtyIron!
@seedApple!(7458:0,1)
@ingotSphalerite!
@cropAlmond!(13251:9,1)
@ingotElectrumFlux!(8756:32,1)
@dustNetherPigIron!
@oc:craftingDisk!(6856:19,1)
@blockCyanite!(2753:1,1)
@orePhosphorus!
@dirtyDustLemurite!(13057:53,1)
@clusterMoonstone!
@clusterKalendrite!
@oreNetherCopper!(1011:6,1)
@oreSunstone!(1141:4,1)
@seedPomelo!
@dustCopper!(8792:3,1)(8464:32,1)(11460:6,1)(4448:18,1)(26356:0,1)(13058:18,1)
@orePotash!(1705:12,1)
@cropSunflower!
@oreBitumen!(1705:11,1)
@dustAdamantine!(26806:0,1)(13058:68,1)
@pulpWood!(13259:0,1)(13248:1,1)(11486:0,1)
@clusterNetherForce!
@compressedIron!(17750:11,1)
@oreNetherPigIron!
@clusterNetherSulfur!
@ingotImpureTin!
@ingotFairy!(19981:0,1)
@clusterAluminiumBrass!
@oreCeruclase!(1703:5,1)(2927:0,1)(2927:1,1)
@cropOats!
@oreAngmallen!
@oc:craftingAcid!(6856:18,1)
@nuggetAlduorite!
@dustBlack Steel!(26956:0,1)
@seedPeas!
@oreSapphire!(1942:12,1)(3173:7,1)(2130:1,1)
@cropAsparagus!
@dustNetherCinnabar!
@elementNitrogen!(20892:6,1)
@nuggetCelenegil!
@gemBlueTopaz!(20356:5,1)
@dropHoneydew!(13289:0,1)
@seedPear!
@dustDamascus Steel!(26406:0,1)
@oreImpureNickel!
@elementGadolinium!(20892:63,1)
@oreDamascus Steel!
@dustAluminumBrass!(14276:42,1)
@rubbleCobalt!(13056:15,1)
@oreSalt!
@clusterUranium!
@blockGlowstone!(89:0,1)
@oreImpureGold!
@dustPitchblende!
@compressedAluminium!
@crystallineLead!(9293:2,1)
@cleanGravelCobalt!(9291:8,1)
@whiteStone!(121:0,1)
@seedPlantain!
@clusterManyullyn!
@blockVinteum!(1141:6,1)
@clusterNetherTopaz!
@seedCranberry!
@dyeLightBlue!(351:12,1)(2137:3,1)(15778:22,1)
@cropTurnip!
@dirtyDustAtlarus!(13057:71,1)
@dustNetherLead!
@dustDirtyTin!(11476:4,1)
@dustDeep Iron!(27106:0,1)(13058:72,1)
@itemBeeswax!(13285:0,1)
@woodStick!(7459:0,1)
@nuggetElectrum!(8464:102,1)
@seedStrawberry!
@elementTechnetium!(20892:42,1)
@cropPeanut!
@clusterNetherEmerald!
@clusterNetherArdite!
@elementLanthanum!(20892:56,1)
@magicinfusedwood!(2523:7,1)
@rubbleOureclase!(13056:80,1)
@ingotTopaz!
@ingotPotash!
@dustDirtyOsmium!(11476:2,1)
@ingotBrass!(25507:0,1)
@aquaRegia!(9280:1,1)
@dustDirtySilver!(11476:5,1)
@dustDirtyLead!(11476:7,1)
@dirtyDustSanguinite!(13057:62,1)
@ingotOsmium!(11461:1,1)
@ingotAmethyst!
@oc:craftingDiskDrive!(3580:2,1)
@ingotSilver!(9271:0,1)(8464:66,1)(19049:0,1)(12332:6,1)(25657:0,1)
@cropArtichoke!
@clumpObsidian!(11475:6,1)
@dustNetherArdite!
@logWood!(17:32767,1)(3251:0,1)(3251:1,1)(3251:2,1)(3251:3,1)(3261:1,1)(3277:0,1)(3277:1,1)(3277:2,1)(3277:3,1)(3280:0,1)(3271:0,1)(3271:1,1)(1933:0,1)(1934:0,1)(1935:0,1)(1974:0,1)(1933:1,1)(1934:1,1)(1935:1,1)(1974:1,1)(1933:2,1)(1934:2,1)(1935:2,1)(1974:2,1)(1933:3,1)(1934:3,1)(1935:3,1)(1388:32767,1)(1389:32767,1)(1390:32767,1)(1391:32767,1)(1411:32767,1)(1412:32767,1)(1413:32767,1)(1434:0,1)(1434:1,1)(1434:2,1)(1434:3,1)(1434:4,1)(1434:5,1)(1434:6,1)(1434:7,1)(1434:8,1)(1434:9,1)(1434:10,1)(1434:11,1)(1434:12,1)(1434:13,1)(1434:14,1)(1434:15,1)(1434:16,1)(1434:17,1)(1434:18,1)(1434:19,1)(1434:20,1)(1434:21,1)(1434:22,1)(1434:23,1)(1434:24,1)(1434:25,1)(1434:26,1)(1434:27,1)(1434:28,1)(1434:29,1)(1434:30,1)(1434:31,1)(1434:32,1)(1434:33,1)(1434:34,1)(1434:35,1)(1434:36,1)(1434:37,1)(1434:38,1)(1434:39,1)(2616:0,1)(2616:1,1)(2163:32767,1)(2176:32767,1)(1904:0,1)(1150:0,1)(1868:32767,1)
@elementCopernicium!(20892:111,1)
@nuggetShadow Iron!
@ingotCheese!
@manyullynRod!(14277:12,1)
@nuggetAstral Silver!
@cropPomelo!(13251:20,1)
@crystalTin!(11489:4,1)
@ingotCertusQuartz!
@seedPeppercorn!
@dyeRed!(351:1,1)(29256:31,1)(2137:14,1)(13213:19,1)(15778:11,1)
@ingotUranium!(8612:0,1)(13091:0,1)
@oreNetherOsmium!(1012:4,1)
@elementDysprosium!(20892:65,1)
@clusterNetherRutile!
@ingotPlatinum!(8464:69,1)(19045:0,1)(12332:5,1)(25607:0,1)
@oreSulfur!(458:0,1)(3880:0,1)(1705:7,1)
@blockLemurite!(1703:15,1)
@dustMalachite!
@cropCranberry!
@nuggetForce!(6276:0,1)
@ingotNetherPlatinum!
@nuggetHepatizon!
@clusterShadow Steel!
@elementZinc!(20892:29,1)
@stickWood!(280:0,1)(12677:0,1)(12677:1,1)(12677:2,1)(12677:3,1)(12677:5,1)(12677:6,1)(12677:7,1)(12677:8,1)(12677:9,1)(12677:10,1)(12677:11,1)(12677:13,1)(1927:0,1)(1920:8,1)(7459:0,1)(280:0,1)(6278:0,1)
@clusterNetherGlue!
@oreCobalt!(1475:1,1)(1488:5,1)(2921:0,1)(2921:1,1)
@oreNetherMalachite!
@dirtyDustRubracium!(13057:67,1)
@ingotNetherQuartz!
@clusterNetherLapis!
@projredBundledCable!(16287:17,1)(16287:18,1)(16287:19,1)(16287:20,1)(16287:21,1)(16287:22,1)(16287:23,1)(16287:24,1)(16287:25,1)(16287:26,1)(16287:27,1)(16287:28,1)(16287:29,1)(16287:30,1)(16287:31,1)(16287:32,1)(16287:33,1)
@cropCoconut!
@coal!(263:0,1)
@clusterPhosphorus!
@ingotAdamantium!
@clusterImpureCobalt!
@oreAdamantine!(1706:13,1)(2922:0,1)(2922:1,1)(2922:2,1)
@dustInfusedWater!
@ingotVinteum!
@ingotDirtyTin!
@cropCactusfruit!
@dustBauxite!
@nuggetInvar!(8464:103,1)
@ingotNetherCertusQuartz!
@foodSalt!(29256:12,1)
@elementThulium!(20892:68,1)
@dirtyDustAstral Silver!(13057:76,1)
@treeLeaves!(18:32767,1)(1990:32767,1)(1991:32767,1)(1923:32767,1)(1924:32767,1)(1996:32767,1)(1997:32767,1)(1926:32767,1)(1982:32767,1)(3048:0,1)(2164:32767,1)(2177:32767,1)(1905:0,1)(1870:32767,1)
@cropCoffee!(13251:37,1)
@rubbleOsmium!(13056:45,1)
@nuggetObsidian!(14276:27,1)
@oreNetherForce!
@reducedIron!(9292:0,1)
@limestone!(500:3,1)(200:0,1)
@taintedSoil!(202:0,1)
@elementManganese!(20892:24,1)
@ingotBlueTopaz!
@elementBarium!(20892:55,1)
@clusterLapis!
@blockConcrete!(2781:0,1)
@mb.magnet.level1!(26121:2,1)(26121:3,1)
@blockIron!(42:0,1)
@mb.magnet.level2!(26121:4,1)(26121:5,1)
@ingotSodalite!
@mb.magnet.level3!(26121:6,1)(26121:7,1)
@clusterAmethyst!
@mb.magnet.level4!(26121:8,1)(26121:9,1)
@mb.magnet.level5!(26121:10,1)(26121:11,1)
@mb.magnet.level6!(26121:12,1)(26121:13,1)
@mb.magnet.level7!(26121:14,1)(26121:15,1)
@mb.magnet.level8!(26121:16,1)(26121:17,1)
@ingotMythril!
@ingotNetherIridium!
@mb.magnet.level0!(26121:0,1)(26121:1,1)
@oreInfusedOrder!(2608:5,1)
@ingotNetherTanzanite!
@ingotLapis!
@elementBohrium!(20892:106,1)
@elementRhenium!(20892:74,1)
@ingotNetherInvar!
@blockTyrian!(2838:0,1)
@fz.waterBucketLike!(13294:0,1)(326:0,1)(13086:0,1)(13331:0,1)(5276:0,1)
@seedSeaweed!
@dustAngmallen!(26256:0,1)
@seedRoasted!(13248:12,1)
@seedScallion!
@dyeCeramicWhite!(21261:0,1)
@clusterDirtySilver!
@nuggetUnstable!(10258:1,1)
@dustNetherDiamond!
@clusterTennantite!
@ingotBitumen!
@nuggetMeat!(21284:0,1)
@dustAluminium!(14276:40,1)(13058:21,1)
@dustRefinedObsidian!(11460:3,1)
@transdimBlock!(130:0,1)
@dyeCeramicRed!(21261:14,1)
@clusterFairy!
@ingotNetherOsmium!
@blockBlutonium!(2753:3,1)
@gemTanzanite!(22407:4,1)
@nuggetEnderium!(8464:106,1)
@gemTennantite!
@rubbleTin!(13056:19,1)
@rubbleMeutoite!(13056:83,1)
@ingotCadmium!
@nuggetNaturalAluminum!(29256:34,1)
@clusterPigIron!
@dustInfuscolium!(27206:0,1)(13058:66,1)
@groundArdite!(4448:27,1)
@oreNetherTopaz!
@blockInfuscolium!(1707:2,1)
@dustCoal!(8792:0,1)(8464:2,1)
@dirtyDustPlatinum!(13057:39,1)
@clusterGold!(18362:31,1)
@blockSteel!(457:2,1)(1478:9,1)(3000:5,1)(3174:7,1)(1701:7,1)
@crystalLead!(11489:7,1)
@shardSilver!(11483:5,1)
@clusterNetherAluminium!
@oreAmber!(2608:7,1)
@dustShadow Iron!(27756:0,1)(13058:61,1)
@dirtyGravelLead!(9290:2,1)
@ingotSteel!(7785:0,1)(14276:16,1)(11461:4,1)(12332:7,1)(26557:0,1)(17750:9,1)
@oreApatite!(1398:0,1)
@dustVulcanite!(27856:0,1)(13058:64,1)
@nuggetInfuscolium!
@ingotNetherCopper!
@ingotDamascus Steel!(26407:0,1)
@oreDirtyGold!
@oreVibrantAlloy!
@circuitElite!(14232:0,1)
@crystallineGlue!
@clusterTopaz!
@cropBlackberry!(12658:2,1)
@dustTopaz!
@nuggetAluminiumBrass!(14276:24,1)
@ingotAmmonium!
@ingotSalt!
@dustInfusedFire!
@clusterIndium!
@ingotPyrite!
@dustNetherCertusQuartz!
@ingotIron!(265:0,1)(265:0,1)(265:0,1)(265:0,1)(265:0,1)(265:0,1)
@glassPaneLightGray!(1030:8,1)
@rubbleRutile!(13056:33,1)
@blockLavastone!(2834:0,1)
@seedPineapple!
@cropButternut!(13251:25,1)
@ingotElectrum!(8464:70,1)(25557:0,1)
@oreEnderium!
@seedChilipepper!
@orePeridot!(1942:4,1)(2130:2,1)
@dustNetherGlue!
@blockLapis!(22:0,1)
@ingotVibrantAlloy!(8788:2,1)
@seedPapaya!
@oreNetherNaturalAluminum!
@blockAlduorite!(1704:3,1)
@ingotQuicksilver!(27457:0,1)
@rubbleZinc!(13056:51,1)
@gemAmethyst!
@clusterMidasium!
@gearTin!(5280:0,1)(8464:225,1)
@oreNetherCinnabar!
@seedBarley!(13248:9,1)
@cellEmpty!(13082:0,1)
@clusterElectrumFlux!
@cropScallion!
@clusterDesichalkos!
@oc:craftingPowerDistributor!(3580:3,1)
@potion!
@elementDubnium!(20892:104,1)
@seedBrusselsprout!
@orePokefennium!
@ironWire!(13070:2,1)
@blockRadioactive!(843:0,1)
@cropElderberry!(13251:34,1)
@clusterIridium!
@dirtyDustTin!(13057:19,1)
@oreShadow Iron!(1703:1,1)(2943:0,1)(2943:1,1)
@redstone!
@dustWheat!(4362:12,1)
@clusterInfusedEarth!
@ingotAtlarus!(26907:0,1)
@itemClaw!(6300:0,1)
@ingotCeruclase!(25857:0,1)
@oreAlduorite!(1703:6,1)(2923:0,1)(2923:1,1)
@dustTungstate!
@alumiteRod!(14277:15,1)
@dirtyDustArdite!(13057:16,1)
@nuggetSilver!(18362:3,1)(26120:3,1)(8464:98,1)
@glassPaneRed!(1030:14,1)
@clusterLemurite!
@itemFertilizer!(26237:0,1)
@componentLVCapacitor!(25026:5,1)
@nuggetCobalt!(14276:28,1)
@clusterInfusedFire!
@craftingTableWood!(3283:0,1)(3283:1,1)(3283:2,1)(3283:3,1)(3283:4,1)(3283:6,1)(3283:7,1)(3283:8,1)(3283:9,1)(3283:10,1)(3283:11,1)(3283:12,1)(58:0,1)
@clusterBlueTopaz!
@oc:craftingCard!(6856:33,1)
@clusterInfuscolium!
@dustInfusedAir!
@seedBlackthorn!
@clusterNetherCertusQuartz!
@dustLapisLazuli!
@oc:craftingCapacitor!(3580:1,1)
@oreNikolite!
@clusterNetherIridium!
@cropCotton!
@dustEnderPearl!(8792:5,1)(4362:28,1)
@clusterOureclase!
@clusterLead!(18362:20,1)
@nuggetPrometheum!
@dustMythril!
@dustCelenegil!(27056:0,1)
@nuggetCeruclase!
@blueslimeRod!(14277:17,1)
@seedNutmeg!
@dustNickel!(8464:36,1)(4448:22,1)(13058:38,1)
@seedOsangeOrange!
@ingotBronze!(5261:0,1)(14276:13,10)(8464:72,10)(11461:2,10)(12332:1,10)(26307:0,10)(17750:10,1)
@rubbleCopper!(13056:18,1)
@orePitchblende!
@ingotNetherIron!
@ingotNetherRutile!
@dustInvar!(8464:39,1)
@dustQuartz!
@dustPokefennium!
@oc:craftingRAMTier6!(6856:39,1)
@compressedBronze!(17750:10,1)
@cropBarley!
@blockMarble!(2761:0,1)
@oc:craftingRAMTier4!(6856:3,1)
@oc:craftingRAMTier5!(6856:38,1)
@dustForce!
@oc:craftingRAMTier2!(6856:50,1)
@oc:craftingRAMTier3!(6856:2,1)
@oc:craftingRAMTier1!(6856:1,1)
@itemSilicon!(8795:0,1)(4362:13,1)
@blockCarmot!(1707:6,1)
@cropPecan!(13251:27,1)
@oreGold!(14:0,1)(1488:1,1)(14:0,1)
@dirtyGravelAluminum!(9290:7,1)
@clusterDesh!
@seedCinnamon!
@itemCokeSugar!(4600:1,1)
@oreMalachite!(1942:10,1)
@oreNetherManyullyn!
@ingotInfusedEntropy!
@clusterVinteum!
@clusterRutile!
@nuggetMagnesium!(29256:35,1)
@elementRoentgenium!(20892:110,1)
@cleanGravelDark Iron!(9291:10,1)
@coralPurple!(516:9,1)(1969:7,1)
@dustPlastic!(21450:0,1)
@dustImpureLead!(4448:11,1)
@dirtyDustMithril!(13057:78,1)
@blockRubracium!(1707:8,1)
@dustElectricalSteel!
@gemPlatinum!
@dyeBlack!(351:0,1)(22266:9,1)(18663:1,1)(2137:15,1)(13213:24,1)(15778:10,1)
@obsidian!(49:0,1)
@oreGreenSapphire!
@dustDirtyCopper!(11476:3,1)
@oreElectrum!
@clusterNetherQuartz!
@blockHolystone!(2833:0,1)
@ingotCalcite!
@oreDeep Iron!(1706:1,1)(2928:0,1)(2928:1,1)(2928:2,1)
@nuggetVulcanite!
@dustNetherLapis!
@oreTin!(1398:2,1)(1475:4,1)(1488:3,1)(3410:6,1)(3451:1,1)(2701:1,1)(3007:2,1)(3173:1,1)(1700:1,1)
@compressedSteel!(17750:9,1)
@oreFzDarkIron!(1004:0,1)
@dustQuicklime!(4448:0,1)
@oreInolashite!
@componentPlatingAdvanced!(25026:10,1)
@dustUranium!(8612:4,1)(13090:0,1)
@dustAmethyst!
@orePlastic!
@seedGarlic!
@turbineRotorBlade!(2751:1,1)
@oreAmethyst!
@clusterLapisLazuli!
@groundAluminum!(4448:1,1)
@oreNetherAmber!(1012:11,1)
@reducedGold!(9292:1,1)
@dustNetherNaturalAluminum!
@nuggetAmordrine!
@clumpIron!(11475:0,1)
@oreTanzanite!(1942:8,1)
@elementIron!(20892:25,1)
@shardApatite!(26120:7,1)
@oreDirtyObsidian!
@crystalCopper!(11489:3,1)
@dustCeruclase!(25856:0,1)(13058:59,1)
@blockOrichalcum!(1707:11,1)
@clusterBronze!
@dustFairy!
@elementPalladium!(20892:45,1)
@seedTea!
@oreCinnabar!(2608:0,1)
@dyeWhite!(351:15,1)(22266:8,1)(29256:27,1)(2137:0,1)(13213:23,1)(15778:25,1)
@cropNectarine!(13251:19,1)
@cropEdibleroot!
@oreNickel!(2701:4,1)(3173:5,1)
@nuggetNickel!(8464:100,1)
@gemCoal!
@crystallineIron!(9293:0,1)
@clusterImpureSilver!
@seedRhubarb!
@glassPaneLightBlue!(1030:3,1)
@dustAmmonium!
@clusterArdite!
@listAllmilk!(21270:0,1)
@reactorRedstonePort!(2749:0,1)
@cropBroccoli!
@clusterDeep Iron!
@ingotAdamantine!(26807:0,1)
@dustPhosphorus!(26241:0,1)
@brSmallMachineCyaniteProcessor!(2748:0,1)
@dustYellorium!(8612:4,1)
@ingotInfuscolium!(27207:0,1)
@elementCarbon!(20892:5,1)
@ingotNetherSilver!
@oreDirtyCopper!
@dirtyDustOrichalcum!(13057:75,1)
@coralPink!(516:2,1)(1969:4,1)
@ingotRefinedIron!
@oreForce!
@ingotConductiveIron!(8788:4,1)
@blockVyroxeres!(1704:1,1)
@oreVyroxeres!(1703:4,1)(2945:0,1)(2945:1,1)
@rubbleNaturalAluminum!(13056:31,1)
@clusterCooperite!
@clusterRefinedObsidian!
@blockSanguinite!(1704:6,1)
@clusterDirtyOsmium!
@cropCitron!(13251:14,1)(13251:15,1)
@torchStone!(1484:0,1)
@rubbleIron!(13056:8,1)
@seedMushroom!
@dustBrass!(25506:0,1)
@clusterBrass!
@clusterWheat!
@seedCanteloupe!
@seedBambooshoot!
@elementXenon!(20892:53,1)
@ingotTungsten!
@dustSawdust!
@shardFire!(18363:1,1)
@seedBrazilNut!
@seedKumquat!
@dustChimerite!
@seedCorn!(13248:11,1)
@dustYellorite!
@nuggetArdite!(14276:29,1)
@dyeLight Blue!
@seedGinkoNut!
@crystalCinnabar!(8464:130,1)
@dustAlduorite!(25756:0,1)(13058:65,1)
@dispenser!
@clusterSanguinite!
@ingotMagnesium!(29256:1,1)
@clusterMeatRaw!
@circuitBasic!(14230:0,1)(11470:0,1)
@shardOsmium!(11483:2,1)
@clusterBauxite!
@crystalSilver!(11489:5,1)
@sheetPlastic!(21449:0,1)
@gearIron!(19358:0,1)
@cropTea!
@dirtyDustDeep Iron!(13057:72,1)
@cleanGravelGold!(9291:1,1)
@reducedSilver!(9292:5,1)
@clusterSapphire!
@dustCertusQuartz!(4362:7,1)
@ingotAluminumBrass!(14276:14,1)
@copperRod!(14277:13,1)
@elementRuthenium!(20892:43,1)
@oreNetherIridium!(1012:3,1)
@turbineController!(2750:1,1)
@crystalGold!(11489:1,1)
@cropGinger!
@dustInfusedOrder!
@ingotCarmot!(27007:0,1)
@oreNetherSteel!(1012:2,1)
@shardEarth!(18363:3,1)
@gemMythril!
@cobblestone!(4:0,1)(2000:32767,1)(2001:32767,1)(1034:2,8)(1034:3,8)(4:32767,1)
@dustRubracium!(27506:0,1)(13058:67,1)
@gemAmber!(18356:6,1)
@dustImpureAluminum!(4448:9,1)
@crystalObsidian!(11489:6,1)
@clusterCadmium!
@oreImpureTin!
@clumpCopper!(11475:3,1)
@cropRice!(7463:0,1)
@elementAluminium!(20892:12,1)
@materialHops!(7469:0,1)
@dyeCeramicYellow!(21261:4,1)
@oreCopper!(1398:1,1)(1475:3,1)(1488:2,1)(500:1,1)(3410:5,1)(3451:0,1)(2701:0,1)(3007:1,1)(3173:4,1)(1700:0,1)
@seedSandPear!
@oreImpureArdite!
@ingotNetherMalachite!
@ingotGold!(266:0,1)(266:0,1)(266:0,1)(266:0,1)(266:0,1)(266:0,1)(266:0,1)
@dustLapis!
@clusterBlutonium!
@oreNetherLead!(1011:10,1)
@elementSulfur!(20892:15,1)
@dustBlutonium!(8612:7,1)
@dustGalena!
@elementUnuntrium!(20892:112,1)
@oreAdamantium!
@oreIron!(15:0,1)(1488:0,1)(15:0,1)
@oreAstral Silver!(1706:5,1)(2924:0,1)(2924:1,1)(2924:2,1)
@seedTurnip!
@blockSnow!(78:0,1)
@ingotNetherAluminium!
@dustIgnatius!(25906:0,1)(13058:56,1)
@elementChromium!(20892:23,1)
@cropGrapes!(7473:0,1)
@elementYtterbium!(20892:69,1)
@seedCucumber!
@Sulfur Ore!
@dustShadow Steel!(27806:0,1)
@seedCactusfruit!
@ingotImpureGold!
@ingotShadow Steel!(27807:0,1)
@reactorRedNetPort!(2742:13,1)
@plateMeteoricIron!(17808:1,1)
@dustGraphite!(8612:6,1)
@dyeLight Gray!
@cropCorn!
@blockRefinedGlowstone!(3000:4,1)
@clusterTetrahedrite!
@ingotWheat!
@itemCompressedCarbon!(11472:0,1)
@dirtyDustAlduorite!(13057:65,1)
@cropFingerLime!(13251:16,1)
@nuggetLead!(18362:4,1)(26120:4,1)(8464:99,1)
@cableRedNetEnergy!(1044:2,1)(1044:3,1)
@blockNetherStar!(2643:0,1)
@ingotInolashite!(25957:0,1)
@elementDarmstadtium!(20892:109,1)
@seedApricot!
@clusterAdamantium!
@oreNetherCoal!(1011:0,1)
@dirtyDustLead!(13057:1,1)
@clusterAngmallen!
@nuggetTartarite!
@oreBauxite!
@nuggetZinc!
@compressedCobblestone7x!(2506:6,1)
@nuggetGlue!
@clusterNetherIron!
@dyeCeramicBlack!(21261:15,1)
@clusterAstral Silver!
@clusterTartarite!
@slimeball!(341:0,1)(341:0,1)(14359:0,1)(14359:1,1)(14276:36,1)(341:0,1)(21287:0,1)(341:0,1)
@elementAntimony!(20892:50,1)
@cropOsangeOrange!(13251:38,1)
@yellowDust!
@oreCooperite!
@dustSalt!(29256:12,1)(11487:0,1)
@blockPlatinum!(2712:5,1)(3174:5,1)(1702:6,1)
@compressedCobblestone8x!(2506:7,1)
@dustNetherEmerald!
@clusterInfusedWater!
@seedWintersquash!
@blockOureclase!(1707:4,1)
@oreConductiveIron!
@cropBambooshoot!(3049:0,1)(7476:0,1)
@seedEggplant!
@groundLead!(4448:3,1)
@orePureArdite!
@cropCherryPlum!(13251:8,1)
@seedCantaloupe!
@dustAtlarus!(26906:0,1)(13058:71,1)
@blockElectrum!(2712:6,1)(1702:8,1)
@componentSolenoid!(25026:1,1)
@blockGold!(41:0,1)
@oreManganese!(1700:2,1)(2934:0,1)(2934:1,1)(2934:2,1)
@battery!(838:0,1)(11462:100,1)
@oreEximite!(1700:5,1)(2929:0,1)
@dustNetherSilicon!
@blockBlack Steel!(1707:3,1)
@elementTungsten!(20892:73,1)
@ingotSuperconductor!
@seedParsnip!
@ingotRefined Glowstone!
@elementUranium!(20892:91,1)
@blockYellorium!(2753:0,1)
@shardEmerald!(26120:6,1)
@oc:craftingGenerator!(6856:15,1)
@cropBlueberry!(12658:1,1)
@blockIgnatius!(1703:13,1)
@clusterHepatizon!
@componentControlCircuit!(25026:14,1)
@ingotDirtyIron!
@fuelCoke!(7783:0,1)
@cropRedBanana!(13251:29,1)
@elementMolybdenum!(20892:41,1)
@elementBeryllium!(20892:3,1)
@ingotNetherCobalt!
@oreCelenegil!
@torchRedstoneActive!(76:0,1)
@stoneRod!(14277:1,1)(25135:0,1)(5516:0,1)
@stone!(1:0,1)(2009:32767,1)(2010:32767,1)(1034:0,8)(1034:1,8)(1:32767,1)
@cropRaspberry!(12658:0,1)
@glassOrange!(3225:1,1)(1029:1,1)
@rubbleIgnatius!(13056:56,1)
@compressedCobblestone4x!(2506:3,1)
@clusterFirestone!
@nuggetIron!(18362:0,1)(7794:0,1)(14276:19,1)(14360:0,1)(29256:33,1)(26120:0,1)
@elementSilicon!(20892:13,1)
@rubbleAtlarus!(13056:71,1)
@oreRefinedGlowstone!
@seedBroccoli!
@oreNetherCertusQuartz!
@elementHydrogen!(20892:0,1)
@compressedCobblestone3x!(2506:2,1)
@seedHops!(7468:0,1)
@oreBlueTopaz!(1141:2,1)
@rubbleAluminium!(13056:21,1)
@oreMoonstone!(1141:3,1)
@seedPeach!
@oreNetherSilver!(1011:9,1)
@oreNetherGold!(1011:2,1)
@nuggetShadow Steel!
@oc:craftingCircuitBoard!(6856:31,1)
@elementPolonium!(20892:83,1)
@dustNetherIron!
@clusterMeutoite!
@blockBrass!(1702:7,1)
@silverWire!(13070:4,1)
@cropPomegranate!
@componentServo!(25026:2,1)
@compressedCobblestone6x!(2506:5,1)
@oreNetherQuartz!
@dustZinc!(25706:0,1)(13058:51,1)
@dustRefinedGlowstone!
@rubbleShadow Iron!(13056:61,1)
@ingotPulsatingIron!(8788:5,1)
@oreTungstate!
@seedBellpepper!
@oreNaturalAluminum!(500:0,1)(3410:7,1)
@oreChimerite!(1141:1,1)
@ingotNetherForce!
@seedMaloberry!
@pistonStickyBase!
@compressedCobblestone5x!(2506:4,1)
@oreInvar!
@nuggetSanguinite!
@clusterImpureGold!
@oreDirtyTin!
@seedAsparagus!
@clusterAtlarus!
@dustRedstone!(331:0,1)
@nuggetSteel!(7794:1,1)(14276:33,1)
@ingotNetherSaltpeter!
@turbinePowerTap!(2750:2,1)
@gemTin!
@cropMaloberry!(12658:3,1)
@blockCharcoal!(3000:3,1)
@oreDirtySilver!
@ingotNetherLapis!
@itemCircuitElite!
@cropCrabapple!(13251:0,1)
@blockMeat!(1033:13,1)
@ingotInfusedOrder!
@seedAvocado!
@cropBuddhaHand!(13251:14,1)
@dirtyDustGold!(13057:9,1)
@clusterNetherMalachite!
@button!
@clusterSteel!
@dustPulsatingIron!
@workbench!
@groundCobalt!(4448:26,1)
@nuggetBronze!(14276:31,1)(8464:104,1)
@oreFluorite!
@seedGrapefruit!
@oreMagnesium!(1705:10,1)
@componentParachute!(25026:8,1)
@clusterNetherNaturalAluminum!
@blockVulcanite!(1704:5,1)
@gemOsmium!
@dustSilicon!
@ingotInfusedFire!
@rubbleKalendrite!(13056:58,1)
@ingotTartarite!(27557:0,1)
@dustDirtyObsidian!(11476:6,1)
@plant!(106:0,1)(295:0,1)(391:0,1)(362:0,1)(361:0,1)(392:0,1)(394:0,1)(6:0,1)(6:1,1)(6:2,1)(6:3,1)
@dustNetherPeridot!
@rubbleLemurite!(13056:53,1)
@clusterDirtyObsidian!
@elementArsenic!(20892:32,1)
@xychoriditeMetal!
@ingotHaderoth!(27157:0,1)
@seedCitron!
@seedCoconut!
@ingotDirtyLead!
@oreSodalite!
@cropBlightberry!(12657:0,1)
@ingotCobalt!(14276:3,1)
@ingotPureArdite!
@ingotCoal!
@blockArdite!(1478:1,1)
@ingotTungstate!
@cleanGravelAluminum!(9291:7,1)
@elementBromine!(20892:34,1)
@clusterMalachite!
@elementLithium!(20892:2,1)
@clusterOrichalcum!
@dustImpureIron!(4448:14,1)
@elementSodium!(20892:10,1)
@glassBlack!(3225:15,1)(1029:15,1)
@dustBlueTopaz!
@clusterPeridot!
@ingotGlowstone!
@crystallineTin!(9293:3,1)
@gemIron!
@reactorPowerTap!(2742:9,1)
@dustImpureCopper!(4448:10,1)
@ingotNetherBronze!
@blockEnderium!(2712:10,1)
@elementVanadium!(20892:22,1)
@clusterImpureTin!
@cropSkyberry!(12657:2,1)
@ingotShadow Iron!(27757:0,1)
@elementIridium!(20892:76,1)
@ingotSilicon!
@nuggetAluminumBrass!(14276:24,1)
@clusterCheese!
@groundGold!(4448:4,1)
@oreImpureIron!
@blockTitanium!(500:9,1)
@gemEmery!(12331:0,1)
@dustLemurite!(27606:0,1)(13058:53,1)
@clusterNetherDiamond!
@clusterPureArdite!
@ingotLemurite!(27607:0,1)
@oreSphalerite!
@ingotNetherElectrum!
@blockEximite!(1700:8,1)
@oreUnstable!
@reactorCasing!(2742:0,1)
@oreTartarite!
@glassMagenta!(3225:2,1)(1029:2,1)
@glassPink!(3225:6,1)(1029:6,1)
@oreDesh!
@glassPaneOrange!(1030:1,1)
@oc:craftingGPUTier1!(6856:8,1)
@ingotUnstable!(10258:0,1)
@seedMustard!
@stairWood!(53:0,1)(135:0,1)(136:0,1)(134:0,1)(1960:0,1)(1961:0,1)(1952:0,1)(1955:0,1)(1953:0,1)(1954:0,1)(1957:0,1)(1959:0,1)(1958:0,1)(1956:0,1)(1975:0,1)(1976:0,1)(1977:0,1)(3052:0,1)(1901:16,1)(1154:0,1)(1886:32767,1)(1887:32767,1)(1885:32767,1)
@oc:craftingGPUTier2!(6856:9,1)
@dirtyDustMeutoite!(13057:83,1)
@dirtyDustCopper!(13057:18,1)
@oc:craftingGPUTier3!(6856:10,1)
@diamond!
@crystallineAluminumBrass!
@cropGingkoNut!(13251:36,1)
@blockFzDarkIron!(1002:3,1)
@blockAdamantine!(1707:13,1)
@clusterVulcanite!
@seedSoybean!
@sulfuricAcid!(9280:0,1)
@blockWool!(35:32767,1)(3540:32767,1)
@crystallineAluminum!(9293:7,1)
@oreEmerald!(129:0,1)(458:3,1)
@gemTopaz!(22407:3,1)
@clusterCinnabar!(18362:21,1)
@ingotAlduorite!(25757:0,1)
@blockNaturalAluminum!(500:8,1)
@dustVyroxeres!(27906:0,1)(13058:57,1)
@clusterNetherSilver!
@dyeOrange!(351:14,1)(2137:1,1)(15778:24,1)
@clusterAdamantine!
@woodPlank!(3044:0,1)
@cropOrange!(13251:1,1)(13251:13,1)(13251:18,1)(13251:21,1)
@ingotPhosphorite!
@nuggetAluminum!(14276:22,1)(14360:4,1)(29256:34,1)
@dirtyGravelGold!(9290:1,1)
@antimatterMilligram!(13088:0,1)
@elementBerkelium!(20892:96,1)
@dyeCeramicCyan!(21261:9,1)
@seedCotton!
@ingotNetherRedstone!
@itemCircuitBasic!
@orePulsatingIron!
@dustPigIron!
@seedFig!
@dustSapphire!
@clusterNetherAluminum!
@nuggetAngmallen!
@clusterImpureArdite!
@dirtyDustNaturalAluminum!(13057:31,1)
@enderobsidian!(2523:1,1)
@clusterGlue!
@glassGray!(3225:7,1)(1029:7,1)
@clusterNetherObsidian!
@clusterNetherPlatinum!
@ingotAluminiumBrass!(14276:14,1)
@orePlutonium!
@cropBlackCherry!(13251:6,1)
@rubber!
@ingotMalachite!
@dustNetherAlumite!
@crystallineDark Iron!(9293:10,1)
@seedAcorn!
@blockAstral Silver!(1707:5,1)
@elementHolmium!(20892:66,1)
@cellDeuterium!(13084:0,1)
@clusterAlumite!
@clusterTitanium!
@clumpLead!(11475:7,1)
@blockCarpet!(2836:0,1)
@ingotEximite!(26707:0,1)
@elementPotassium!(20892:18,1)
@clusterZinc!
@nuggetEximite!
@cropSpiceleaf!
@dustAmordrine!(25806:0,1)
@elementTin!(20892:49,1)
@glassPaneLime!(1030:5,1)
@seedElderberry!
@dustNetherCopper!
@crystallinePlatinum!
@blazeRod!
@oreRubracium!(1706:8,1)(2941:0,1)(2941:1,1)(2941:2,1)
@gemForce!(6256:0,1)
@clusterCarmot!
@blockRefinedObsidian!(3000:2,1)
@icestone!(2523:3,1)
@elementTitanium!(20892:21,1)
@string!
@oreIridium!
@rubbleMagnesium!(13056:32,1)
@groundNickel!(4448:7,1)
@elementHafnium!(20892:71,1)
@dustNetherFzDarkIron!
@reducedAluminum!(9292:7,1)
@clusterChimerite!
@ingotEnderium!(8464:74,10)
@arditeRod!(14277:11,1)
@cleanGravelTin!(9291:3,1)
@nuggetBrass!
@ingotMoonstone!
@clusterCassiterite!
@oreNetherAluminumBrass!
@glassPaneBlue!(1030:11,1)
@dustSulfur!(7782:1,1)(19514:0,1)(8464:128,1)(11460:10,1)(26244:0,1)
@blockDeep Iron!(1707:1,1)
@seedWheat!(295:0,1)(13248:8,1)
@elementPhosphorus!(20892:14,1)
@dustNetherMalachite!
@oreEmery!(3173:2,1)
@bronzeRod!(14277:14,1)
@groundIron!(4448:5,1)
@oreLemurite!(1703:2,1)(2933:0,1)(2933:1,1)
@oreKalendrite!(1703:7,1)(2932:0,1)(2932:1,1)
@oc:craftingArrowKey!(6856:21,1)
@ingotSawdust!
@shardCopper!(11483:3,1)
@dustNaturalAluminum!(13058:31,1)
@dustNetherCoal!
@cropCauliflower!
@clusterNaturalAluminum!
@greggy_greg_do_please_kindly_stuff_a_sock_in_it!(301:0,64)
@ingotPitchblende!
@elementArgon!(20892:17,1)
@ingotImpureArdite!
@ingotMeutoite!(26757:0,1)
@ingotDirtyOsmium!
@strangeMatter!(13087:0,1)
@craftingPiston!(33:0,1)(29:0,1)
@breederUranium!(13091:1,1)
@oreNetherSaltpeter!(1012:14,1)
@ingotTin!(5260:0,1)(14276:10,1)(17750:4,1)(8464:65,1)(11461:6,1)(19053:0,1)(12332:8,1)(26607:0,1)
@componentCarbonMyofiber!(25026:13,1)
@clusterGlowstone!
@ingotCharcoal!
@cropDuskberry!(12657:1,1)
@clusterCoal!
@nuggetTitanium!(29256:36,1)
@elementMeitnerium!(20892:108,1)
@oreRefinedObsidian!
@dustOsmium!(11460:2,1)(13058:45,1)
@nugetGold!
@clusterImpureIron!
@oreNetherTin!(1011:7,1)
@oreNetherFzDarkIron!
@cropLemon!(13386:3,1)
@oreTungsten!
@dyeCeramicLightGray!(21261:8,1)
@clusterNetherSapphire!
@clusterCelenegil!
@clusterTungsten!
@clusterDiamond!
@seedWalnut!
@thaumiumRod!(14277:31,1)
@dyeLightGray!(351:7,1)(2137:8,1)(15778:17,1)
@steelRod!(14277:16,1)
@cropNutmeg!
@gemAdamantium!
@projredInsFramedWire!(16288:1,1)(16288:2,1)(16288:3,1)(16288:4,1)(16288:5,1)(16288:6,1)(16288:7,1)(16288:8,1)(16288:9,1)(16288:10,1)(16288:11,1)(16288:12,1)(16288:13,1)(16288:14,1)(16288:15,1)(16288:16,1)
@ingotNetherGlue!
@clusterPureCobalt!
@oreQuartz!(153:0,1)
@elementChlorine!(20892:16,1)
@glassLightGray!(3225:8,1)(1029:8,1)
@oreGraphite!
@oreMidasium!(1703:3,1)(2936:0,1)(2936:1,1)
@dirtyDustMagnesium!(13057:32,1)
@gearStone!(19357:0,1)(8791:1,1)
@crystallineGalena!(9293:6,1)
@dustNetherForce!
@dustEximite!(26706:0,1)(13058:82,1)
@dropHoney!(13283:0,1)(15778:32767,1)
@clusterNetherCoal!
@reactorComputerPort!(2742:14,1)
@cropSoybean!
@oreImpureAluminum!
@oreBronze!
@dustAlumite!
@itemRawRubber!(14276:36,1)(21258:0,1)
@dustNetherSaltpeter!
@oc:componentCardWLan!(6856:13,1)
@dustMidasium!(27656:0,1)(13058:54,1)
@rubbleDeep Iron!(13056:72,1)
@bottleSulfuricAcid!(9280:0,1)
@dyeCeramicPink!(21261:6,1)
@elementRutherfordium!(20892:103,1)
@dustBitumen!(26236:0,1)
@oreAtlatus!
@elementFrancium!(20892:86,1)
@componentMyofiberGel!(25026:15,1)
@aluminumWire!(13070:3,1)
@elementNeptunium!(20892:92,1)
@ingotOnyx!
@dustNetherGold!
@clusterEnergeticAlloy!
@record!(2256:0,1)(2257:0,1)(2258:0,1)(2259:0,1)(2260:0,1)(2261:0,1)(2262:0,1)(2263:0,1)(2264:0,1)(2265:0,1)(2266:0,1)(2267:0,1)
@cropChestnut!(13386:2,1)
@ingotVulcanite!(27857:0,1)
@oreTetrahedrite!
@cellUranium!(13083:0,1)
@cropKiwi!
@gearInvar!(8464:227,1)
@nuggetManyullyn!(14276:30,1)
@ironRod!(14277:2,1)
@shardIron!(11483:0,1)
@ingotEmery!
@blockRutile!(500:11,1)
@rubbleInfuscolium!(13056:66,1)
@gemNikolite!
@seedBlueberry!
@blockHaderoth!(1707:10,1)
@dustSodalite!
@dyePowder!
@clusterNetherCinnabar!
@ingotImpureCobalt!
@seedBuddhaHand!
@clusterInvar!
@dyeBrown!(351:3,1)(22266:6,1)(29256:32,1)(21448:0,1)(2137:12,1)(13213:25,1)(15778:13,1)
@elementLutetium!(20892:70,1)
@ingotNaturalAluminum!(29256:0,1)(17750:8,1)
@coralGray!(516:10,1)
@dirtyDustEximite!(13057:82,1)
@nuggetAtlarus!
@oreZinc!(1702:0,1)(2946:0,1)(2946:1,1)(2946:2,1)
@clusterNetherCobalt!
@cropDate!(13386:5,1)
@oreNetherApatite!
@compressedTin!(17750:7,1)
@dirtyGravelCopper!(9290:4,1)
@ingotNetherCoal!
@nuggetThaumium!(18362:6,1)
@clusterAlduorite!
@clusterHaderoth!
@seedGrape!(7470:0,1)
@dustImpureGold!(4448:13,1)
@oreNetherSulfur!(1012:5,1)
@cropPapaya!(13386:6,1)
@seedGinger!
@elementBismuth!(20892:82,1)
@clusterPyrite!
@dustOureclase!(27356:0,1)(13058:80,1)
@itemPollen!(13286:0,1)
@clusterPulsatingIron!
@seedStarfruit!
@seedRye!(13248:10,1)
@dirtyDustNickel!(13057:38,1)
@elementOsmium!(20892:75,1)
@seedSunflower!
@gear!(13067:0,1)
@bricksGravel!(2523:6,1)
@seedCoffee!
@gemSteel!
@blockAluminium!(1478:6,1)(500:8,1)
@sandyglass!(2523:9,1)
@seedPomegranate!
@blockOsmium!(3000:0,1)
@oreMeutoite!(1700:6,1)(2935:0,1)
@oreInfusedAir!(2608:1,1)
@cropPeppercorn!
@clusterPotash!
@ingotAsh!
@blockShadow Iron!(1703:14,1)
@elementNeodymium!(20892:59,1)
@dropRoyalJelly!(13288:0,1)
@clusterSulfur!
@clusterNickel!
@oreOsmium!(3007:0,1)
@dustPlatinum!(8464:37,1)(4448:23,1)(25606:0,1)(13058:39,1)
@foodGrapes!(7473:0,1)
@blockDirt!(2839:0,1)
@listAllveggie!(3049:0,1)(7476:0,1)
@cropBanana!(13251:28,1)(13251:29,1)
@oreSilver!(1002:0,1)(2701:2,1)(1702:1,1)
@seedBeechnut!
@orePhosphorite!(1705:8,1)
@elementNickel!(20892:27,1)
@oreQuicklime!
@blockMeutoite!(1700:9,1)
@gemDiamond!(264:0,1)(264:0,1)(264:0,1)(264:0,1)
@dustNetherTin!
@dustApatite!
@cropHops!(13248:5,1)(7469:0,1)
@clusterAmordrine!
@elementCopper!(20892:28,1)
@dyeCeramicGray!(21261:7,1)
@clusterInolashite!
@oreSaltpeter!(458:1,1)(1705:9,1)
@crystallineSilver!(9293:5,1)
@oc:craftingCircuitBoardRaw!(6856:30,1)
@clusterNetherManyullyn!
